<?xml version="1.0" encoding="UTF-8"?>
<persistence version="2.1"
	xmlns="http://java.sun.com/xml/ns/persistence" xmlns:xsi="http://www.w3.org/2001/XMLSchema-instance"
	xsi:schemaLocation="http://java.sun.com/xml/ns/persistence persistence_2_1.xsd">

	<persistence-unit name="patch-rig-data">
		<mapping-file>test-calibration-orm.xml</mapping-file>
		<provider>mpa.h5.H5MatlabProvider</provider>
		<class>ala_laurila_lab.entity.IntensityMeasurement</class>
		<class>ala_laurila_lab.entity.LinearityMeasurement</class>
		<class>ala_laurila_lab.entity.LEDSpectrum</class>
        <class>ala_laurila_lab.entity.ProjectorSpectrum</class>
		<class>ala_laurila_lab.entity.NDFMeasurement</class>
		<properties>
			<property name="local-path"
				value="fixtures\test-calibration-module.h5" />
			<property name="remote-path" value="" />
			<property name="create-mode" value="true" />
			<property name="use-cache" value="false" />
		</properties>
	</persistence-unit>

	<persistence-unit name="patch-rig-log">
		<mapping-file>test-calibration-orm.xml</mapping-file>
		<provider>mpa.mat.SimpleMatlabProvider</provider>
		<class>ala_laurila_lab.entity.AuditLog</class>
		<properties>
			<property name="local-path"
				value="fixtures\" />
			<property name="remote-path" value="" />
			<property name="create-mode" value="true" />
			<property name="use-cache" value="false" />
		</properties>
	</persistence-unit>
</persistence>
